<!DOCTYPE html>
<html>
<head>
    <title>Unittest Results</title>
    <meta charset="utf-8">
    <meta name="viewport" content="width=device-width, initial-scale=1.0">
    <link rel="stylesheet" href="https://maxcdn.bootstrapcdn.com/bootstrap/3.3.6/css/bootstrap.min.css" integrity="sha384-1q8mTJOASx8j1Au+a5WDVnPi2lkFfwwEAa8hDDdjZlpLegxhjVME1fgjWPGmkzs7" crossorigin="anonymous">
</head>
<body>
    <div class="container">
        <div class="row">
            <div class="col-xs-12">
                <h2 class="text-capitalize">Unittest Results</h2>
                <p class='attribute'><strong>Start Time: </strong>2023-12-06 15:16:55</p>
                <p class='attribute'><strong>Duration: </strong>8 ms</p>
                <p class='attribute'><strong>Summary: </strong>Total: 3, Pass: 0, Error: 3</p>
            </div>
        </div>
        <div class="row">
            <div class="col-xs-12 col-sm-10 col-md-10">
                <table class='table table-hover table-responsive'>
                    <thead>
                        <tr>
                            <th>__main__.TestLogin</th>
                            <th>Status</th>
                            <th></th>
                        </tr>
                    </thead>
                    <tbody>
                        <tr class='warning'>
                            <td class="col-xs-10">test_login_admin</td>
                            <td class="col-xs-1">
                                <span class="label label-warning" style="display:block;width:40px;">Error</span>
                            </td>
                            <td class="col-xs-1">
                                <button class="btn btn-default btn-xs">View</button>
                            </td>
                        </tr>
                        <tr style="display:none;">
                            <td class="col-xs-9" colspan="3"><p style="color:maroon;">AttributeError: 'TestLogin' object has no attribute 'login_testcase'</p><p style="color:maroon;">Traceback (most recent call last):
  File "C:\Users\User\Documents\Selenium with python\LogintestMobile\TestLogin.py", line 39, in test_login_admin
    is_passed = self.login_testcase("admin", "admin")
                ^^^^^^^^^^^^^^^^^^^
AttributeError: 'TestLogin' object has no attribute 'login_testcase'
</p>
                            </td>
                        </tr>
                        <tr class='warning'>
                            <td class="col-xs-10">test_login_failure</td>
                            <td class="col-xs-1">
                                <span class="label label-warning" style="display:block;width:40px;">Error</span>
                            </td>
                            <td class="col-xs-1">
                                <button class="btn btn-default btn-xs">View</button>
                            </td>
                        </tr>
                        <tr style="display:none;">
                            <td class="col-xs-9" colspan="3"><p style="color:maroon;">AttributeError: 'TestLogin' object has no attribute 'login_testcase'</p><p style="color:maroon;">Traceback (most recent call last):
  File "C:\Users\User\Documents\Selenium with python\LogintestMobile\TestLogin.py", line 29, in test_login_failure
    is_passed = self.login_testcase("Vcanada", "admin")
                ^^^^^^^^^^^^^^^^^^^
AttributeError: 'TestLogin' object has no attribute 'login_testcase'
</p>
                            </td>
                        </tr>
                        <tr class='warning'>
                            <td class="col-xs-10">test_login_success</td>
                            <td class="col-xs-1">
                                <span class="label label-warning" style="display:block;width:40px;">Error</span>
                            </td>
                            <td class="col-xs-1">
                                <button class="btn btn-default btn-xs">View</button>
                            </td>
                        </tr>
                        <tr style="display:none;">
                            <td class="col-xs-9" colspan="3"><p style="color:maroon;">AttributeError: 'TestLogin' object has no attribute 'login_testcase'</p><p style="color:maroon;">Traceback (most recent call last):
  File "C:\Users\User\Documents\Selenium with python\LogintestMobile\TestLogin.py", line 20, in test_login_success
    is_passed = self.login_testcase("Rcanada", "admin")
                ^^^^^^^^^^^^^^^^^^^
AttributeError: 'TestLogin' object has no attribute 'login_testcase'
</p>
                            </td>
                        </tr>
                        <tr>
                            <td colspan="3">
                                Total: 3, Pass: 0, Error: 3 -- Duration: 8 ms
                            </td>
                        </tr>
                    </tbody>
                </table>
            </div>
        </div>
    </div>
    <script src="https://ajax.googleapis.com/ajax/libs/jquery/2.2.4/jquery.min.js"></script>
    <script type="text/javascript">
        $(document).ready(function(){
            $('td').on('click', '.btn', function(e){
                e.preventDefault();
                e.stopImmediatePropagation();
                var $this = $(this);
                var $nextRow = $this.closest('tr').next('tr');
                $nextRow.slideToggle("fast");
                $this.text(function(i, text){
                    if (text === 'View') {
                        return 'Hide';
                    } else {
                        return 'View';
                    };
                });
            });
        });
    </script>
</body>
</html